生成启动时间为 2019/3/4 22:10:36。
     1>项目“C:\Users\Administrator\Desktop\Robot - 副本\Robot.vcxproj”在节点 2 上(Build 个目标)。
     1>ClCompile:
         D:\vs2015\VC\bin\x86_amd64\CL.exe /c /Zi /nologo /W3 /WX- /O2 /D WIN32 /D NDEBUG /D _WINDOWS /D _UNICODE /D UNICODE /Gm- /EHsc /MT /GS /fp:precise /Zc:wchar_t /Zc:forScope /Zc:inline /Fo"x64\Release\\" /Fd"x64\Release\vc140.pdb" /Gd /TP /errorReport:prompt EditPanel.cpp Elf\DimensionWorld.cpp Elf\fantastic.cpp Elf\FantasyMagic.cpp Elf\PurpleDreamElf.cpp test.cpp
         EditPanel.cpp
     1>c:\users\administrator\desktop\robot - 副本\elf\include\myguiengine\include\MyGUI_Exception.h(34): warning C4275: 非 dll 接口 class“std::exception”用作 dll 接口 class“MyGUI::Exception”的基
         D:\vs2015\VC\include\vcruntime_exception.h(43): note: 参见“std::exception”的声明
         c:\users\administrator\desktop\robot - 副本\elf\include\myguiengine\include\MyGUI_Exception.h(32): note: 参见“MyGUI::Exception”的声明
     1>c:\users\administrator\desktop\robot - 副本\elf\include\myguiengine\include\MyGUI_Singleton.h(49): warning C4297: “MyGUI::Singleton<MyGUI::FactoryManager>::~Singleton”: 假定函数不引发异常，但确实发生了
         c:\users\administrator\desktop\robot - 副本\elf\include\myguiengine\include\MyGUI_Singleton.h(49): note: 析构函数或释放器具有一个(可能是隐含的)非引发异常规范
         c:\users\administrator\desktop\robot - 副本\elf\include\myguiengine\include\MyGUI_Singleton.h(48): note: 编译类 模板 成员函数“MyGUI::Singleton<MyGUI::FactoryManager>::~Singleton(void)”时
         c:\users\administrator\desktop\robot - 副本\elf\include\myguiengine\include\MyGUI_FactoryManager.h(35): note: 参见对正在编译的类 模板 实例化“MyGUI::Singleton<MyGUI::FactoryManager>”的引用
     1>c:\users\administrator\desktop\robot - 副本\elf\include\myguiengine\include\MyGUI_Singleton.h(49): warning C4297: “MyGUI::Singleton<MyGUI::DataManager>::~Singleton”: 假定函数不引发异常，但确实发生了
         c:\users\administrator\desktop\robot - 副本\elf\include\myguiengine\include\MyGUI_Singleton.h(49): note: 析构函数或释放器具有一个(可能是隐含的)非引发异常规范
         c:\users\administrator\desktop\robot - 副本\elf\include\myguiengine\include\MyGUI_Singleton.h(48): note: 编译类 模板 成员函数“MyGUI::Singleton<MyGUI::DataManager>::~Singleton(void)”时
         c:\users\administrator\desktop\robot - 副本\elf\include\myguiengine\include\MyGUI_DataManager.h(35): note: 参见对正在编译的类 模板 实例化“MyGUI::Singleton<MyGUI::DataManager>”的引用
     1>c:\users\administrator\desktop\robot - 副本\elf\include\myguiengine\include\MyGUI_Singleton.h(49): warning C4297: “MyGUI::Singleton<MyGUI::RenderManager>::~Singleton”: 假定函数不引发异常，但确实发生了
         c:\users\administrator\desktop\robot - 副本\elf\include\myguiengine\include\MyGUI_Singleton.h(49): note: 析构函数或释放器具有一个(可能是隐含的)非引发异常规范
         c:\users\administrator\desktop\robot - 副本\elf\include\myguiengine\include\MyGUI_Singleton.h(48): note: 编译类 模板 成员函数“MyGUI::Singleton<MyGUI::RenderManager>::~Singleton(void)”时
         c:\users\administrator\desktop\robot - 副本\elf\include\myguiengine\include\MyGUI_RenderManager.h(37): note: 参见对正在编译的类 模板 实例化“MyGUI::Singleton<MyGUI::RenderManager>”的引用
     1>c:\users\administrator\desktop\robot - 副本\elf\include\myguiengine\include\MyGUI_Singleton.h(49): warning C4297: “MyGUI::Singleton<MyGUI::LanguageManager>::~Singleton”: 假定函数不引发异常，但确实发生了
         c:\users\administrator\desktop\robot - 副本\elf\include\myguiengine\include\MyGUI_Singleton.h(49): note: 析构函数或释放器具有一个(可能是隐含的)非引发异常规范
         c:\users\administrator\desktop\robot - 副本\elf\include\myguiengine\include\MyGUI_Singleton.h(48): note: 编译类 模板 成员函数“MyGUI::Singleton<MyGUI::LanguageManager>::~Singleton(void)”时
         c:\users\administrator\desktop\robot - 副本\elf\include\myguiengine\include\MyGUI_LanguageManager.h(36): note: 参见对正在编译的类 模板 实例化“MyGUI::Singleton<MyGUI::LanguageManager>”的引用
     1>c:\users\administrator\desktop\robot - 副本\elf\include\myguiengine\include\MyGUI_Singleton.h(49): warning C4297: “MyGUI::Singleton<MyGUI::ControllerManager>::~Singleton”: 假定函数不引发异常，但确实发生了
         c:\users\administrator\desktop\robot - 副本\elf\include\myguiengine\include\MyGUI_Singleton.h(49): note: 析构函数或释放器具有一个(可能是隐含的)非引发异常规范
         c:\users\administrator\desktop\robot - 副本\elf\include\myguiengine\include\MyGUI_Singleton.h(48): note: 编译类 模板 成员函数“MyGUI::Singleton<MyGUI::ControllerManager>::~Singleton(void)”时
         c:\users\administrator\desktop\robot - 副本\elf\include\myguiengine\include\MyGUI_ControllerManager.h(36): note: 参见对正在编译的类 模板 实例化“MyGUI::Singleton<MyGUI::ControllerManager>”的引用
     1>c:\users\administrator\desktop\robot - 副本\elf\include\myguiengine\include\MyGUI_Singleton.h(49): warning C4297: “MyGUI::Singleton<MyGUI::DynLibManager>::~Singleton”: 假定函数不引发异常，但确实发生了
         c:\users\administrator\desktop\robot - 副本\elf\include\myguiengine\include\MyGUI_Singleton.h(49): note: 析构函数或释放器具有一个(可能是隐含的)非引发异常规范
         c:\users\administrator\desktop\robot - 副本\elf\include\myguiengine\include\MyGUI_Singleton.h(48): note: 编译类 模板 成员函数“MyGUI::Singleton<MyGUI::DynLibManager>::~Singleton(void)”时
         c:\users\administrator\desktop\robot - 副本\elf\include\myguiengine\include\MyGUI_DynLibManager.h(37): note: 参见对正在编译的类 模板 实例化“MyGUI::Singleton<MyGUI::DynLibManager>”的引用
     1>c:\users\administrator\desktop\robot - 副本\elf\include\myguiengine\include\MyGUI_Singleton.h(49): warning C4297: “MyGUI::Singleton<MyGUI::PluginManager>::~Singleton”: 假定函数不引发异常，但确实发生了
         c:\users\administrator\desktop\robot - 副本\elf\include\myguiengine\include\MyGUI_Singleton.h(49): note: 析构函数或释放器具有一个(可能是隐含的)非引发异常规范
         c:\users\administrator\desktop\robot - 副本\elf\include\myguiengine\include\MyGUI_Singleton.h(48): note: 编译类 模板 成员函数“MyGUI::Singleton<MyGUI::PluginManager>::~Singleton(void)”时
         c:\users\administrator\desktop\robot - 副本\elf\include\myguiengine\include\MyGUI_PluginManager.h(40): note: 参见对正在编译的类 模板 实例化“MyGUI::Singleton<MyGUI::PluginManager>”的引用
     1>c:\users\administrator\desktop\robot - 副本\elf\include\myguiengine\include\MyGUI_Singleton.h(49): warning C4297: “MyGUI::Singleton<MyGUI::PointerManager>::~Singleton”: 假定函数不引发异常，但确实发生了
         c:\users\administrator\desktop\robot - 副本\elf\include\myguiengine\include\MyGUI_Singleton.h(49): note: 析构函数或释放器具有一个(可能是隐含的)非引发异常规范
         c:\users\administrator\desktop\robot - 副本\elf\include\myguiengine\include\MyGUI_Singleton.h(48): note: 编译类 模板 成员函数“MyGUI::Singleton<MyGUI::PointerManager>::~Singleton(void)”时
         c:\users\administrator\desktop\robot - 副本\elf\include\myguiengine\include\MyGUI_PointerManager.h(36): note: 参见对正在编译的类 模板 实例化“MyGUI::Singleton<MyGUI::PointerManager>”的引用
     1>c:\users\administrator\desktop\robot - 副本\elf\include\myguiengine\include\MyGUI_Singleton.h(49): warning C4297: “MyGUI::Singleton<MyGUI::FontManager>::~Singleton”: 假定函数不引发异常，但确实发生了
         c:\users\administrator\desktop\robot - 副本\elf\include\myguiengine\include\MyGUI_Singleton.h(49): note: 析构函数或释放器具有一个(可能是隐含的)非引发异常规范
         c:\users\administrator\desktop\robot - 副本\elf\include\myguiengine\include\MyGUI_Singleton.h(48): note: 编译类 模板 成员函数“MyGUI::Singleton<MyGUI::FontManager>::~Singleton(void)”时
         c:\users\administrator\desktop\robot - 副本\elf\include\myguiengine\include\MyGUI_FontManager.h(37): note: 参见对正在编译的类 模板 实例化“MyGUI::Singleton<MyGUI::FontManager>”的引用
     1>c:\users\administrator\desktop\robot - 副本\elf\include\myguiengine\include\MyGUI_Singleton.h(49): warning C4297: “MyGUI::Singleton<MyGUI::LayoutManager>::~Singleton”: 假定函数不引发异常，但确实发生了
         c:\users\administrator\desktop\robot - 副本\elf\include\myguiengine\include\MyGUI_Singleton.h(49): note: 析构函数或释放器具有一个(可能是隐含的)非引发异常规范
         c:\users\administrator\desktop\robot - 副本\elf\include\myguiengine\include\MyGUI_Singleton.h(48): note: 编译类 模板 成员函数“MyGUI::Singleton<MyGUI::LayoutManager>::~Singleton(void)”时
         c:\users\administrator\desktop\robot - 副本\elf\include\myguiengine\include\MyGUI_LayoutManager.h(38): note: 参见对正在编译的类 模板 实例化“MyGUI::Singleton<MyGUI::LayoutManager>”的引用
     1>c:\users\administrator\desktop\robot - 副本\elf\include\myguiengine\include\MyGUI_Singleton.h(49): warning C4297: “MyGUI::Singleton<MyGUI::WidgetManager>::~Singleton”: 假定函数不引发异常，但确实发生了
         c:\users\administrator\desktop\robot - 副本\elf\include\myguiengine\include\MyGUI_Singleton.h(49): note: 析构函数或释放器具有一个(可能是隐含的)非引发异常规范
         c:\users\administrator\desktop\robot - 副本\elf\include\myguiengine\include\MyGUI_Singleton.h(48): note: 编译类 模板 成员函数“MyGUI::Singleton<MyGUI::WidgetManager>::~Singleton(void)”时
         c:\users\administrator\desktop\robot - 副本\elf\include\myguiengine\include\MyGUI_WidgetManager.h(36): note: 参见对正在编译的类 模板 实例化“MyGUI::Singleton<MyGUI::WidgetManager>”的引用
     1>c:\users\administrator\desktop\robot - 副本\elf\include\myguiengine\include\MyGUI_Singleton.h(49): warning C4297: “MyGUI::Singleton<MyGUI::SkinManager>::~Singleton”: 假定函数不引发异常，但确实发生了
         c:\users\administrator\desktop\robot - 副本\elf\include\myguiengine\include\MyGUI_Singleton.h(49): note: 析构函数或释放器具有一个(可能是隐含的)非引发异常规范
         c:\users\administrator\desktop\robot - 副本\elf\include\myguiengine\include\MyGUI_Singleton.h(48): note: 编译类 模板 成员函数“MyGUI::Singleton<MyGUI::SkinManager>::~Singleton(void)”时
         c:\users\administrator\desktop\robot - 副本\elf\include\myguiengine\include\MyGUI_SkinManager.h(37): note: 参见对正在编译的类 模板 实例化“MyGUI::Singleton<MyGUI::SkinManager>”的引用
     1>c:\users\administrator\desktop\robot - 副本\elf\include\myguiengine\include\MyGUI_Singleton.h(49): warning C4297: “MyGUI::Singleton<MyGUI::ClipboardManager>::~Singleton”: 假定函数不引发异常，但确实发生了
         c:\users\administrator\desktop\robot - 副本\elf\include\myguiengine\include\MyGUI_Singleton.h(49): note: 析构函数或释放器具有一个(可能是隐含的)非引发异常规范
         c:\users\administrator\desktop\robot - 副本\elf\include\myguiengine\include\MyGUI_Singleton.h(48): note: 编译类 模板 成员函数“MyGUI::Singleton<MyGUI::ClipboardManager>::~Singleton(void)”时
         c:\users\administrator\desktop\robot - 副本\elf\include\myguiengine\include\MyGUI_ClipboardManager.h(35): note: 参见对正在编译的类 模板 实例化“MyGUI::Singleton<MyGUI::ClipboardManager>”的引用
     1>c:\users\administrator\desktop\robot - 副本\elf\include\myguiengine\include\MyGUI_Singleton.h(49): warning C4297: “MyGUI::Singleton<MyGUI::SubWidgetManager>::~Singleton”: 假定函数不引发异常，但确实发生了
         c:\users\administrator\desktop\robot - 副本\elf\include\myguiengine\include\MyGUI_Singleton.h(49): note: 析构函数或释放器具有一个(可能是隐含的)非引发异常规范
         c:\users\administrator\desktop\robot - 副本\elf\include\myguiengine\include\MyGUI_Singleton.h(48): note: 编译类 模板 成员函数“MyGUI::Singleton<MyGUI::SubWidgetManager>::~Singleton(void)”时
         c:\users\administrator\desktop\robot - 副本\elf\include\myguiengine\include\MyGUI_SubWidgetManager.h(33): note: 参见对正在编译的类 模板 实例化“MyGUI::Singleton<MyGUI::SubWidgetManager>”的引用
     1>c:\users\administrator\desktop\robot - 副本\elf\include\myguiengine\include\MyGUI_Singleton.h(49): warning C4297: “MyGUI::Singleton<MyGUI::InputManager>::~Singleton”: 假定函数不引发异常，但确实发生了
         c:\users\administrator\desktop\robot - 副本\elf\include\myguiengine\include\MyGUI_Singleton.h(49): note: 析构函数或释放器具有一个(可能是隐含的)非引发异常规范
         c:\users\administrator\desktop\robot - 副本\elf\include\myguiengine\include\MyGUI_Singleton.h(48): note: 编译类 模板 成员函数“MyGUI::Singleton<MyGUI::InputManager>::~Singleton(void)”时
         c:\users\administrator\desktop\robot - 副本\elf\include\myguiengine\include\MyGUI_InputManager.h(43): note: 参见对正在编译的类 模板 实例化“MyGUI::Singleton<MyGUI::InputManager>”的引用
     1>c:\users\administrator\desktop\robot - 副本\elf\include\myguiengine\include\MyGUI_Singleton.h(49): warning C4297: “MyGUI::Singleton<MyGUI::Gui>::~Singleton”: 假定函数不引发异常，但确实发生了
         c:\users\administrator\desktop\robot - 副本\elf\include\myguiengine\include\MyGUI_Singleton.h(49): note: 析构函数或释放器具有一个(可能是隐含的)非引发异常规范
         c:\users\administrator\desktop\robot - 副本\elf\include\myguiengine\include\MyGUI_Singleton.h(48): note: 编译类 模板 成员函数“MyGUI::Singleton<MyGUI::Gui>::~Singleton(void)”时
         c:\users\administrator\desktop\robot - 副本\elf\include\myguiengine\include\MyGUI_Gui.h(39): note: 参见对正在编译的类 模板 实例化“MyGUI::Singleton<MyGUI::Gui>”的引用
     1>c:\users\administrator\desktop\robot - 副本\elf\include\myguiengine\include\MyGUI_Singleton.h(49): warning C4297: “MyGUI::Singleton<MyGUI::LayerManager>::~Singleton”: 假定函数不引发异常，但确实发生了
         c:\users\administrator\desktop\robot - 副本\elf\include\myguiengine\include\MyGUI_Singleton.h(49): note: 析构函数或释放器具有一个(可能是隐含的)非引发异常规范
         c:\users\administrator\desktop\robot - 副本\elf\include\myguiengine\include\MyGUI_Singleton.h(48): note: 编译类 模板 成员函数“MyGUI::Singleton<MyGUI::LayerManager>::~Singleton(void)”时
         c:\users\administrator\desktop\robot - 副本\elf\include\myguiengine\include\MyGUI_LayerManager.h(38): note: 参见对正在编译的类 模板 实例化“MyGUI::Singleton<MyGUI::LayerManager>”的引用
     1>c:\users\administrator\desktop\robot - 副本\elf\include\myguiengine\include\MyGUI_Singleton.h(49): warning C4297: “MyGUI::Singleton<MyGUI::ResourceManager>::~Singleton”: 假定函数不引发异常，但确实发生了
         c:\users\administrator\desktop\robot - 副本\elf\include\myguiengine\include\MyGUI_Singleton.h(49): note: 析构函数或释放器具有一个(可能是隐含的)非引发异常规范
         c:\users\administrator\desktop\robot - 副本\elf\include\myguiengine\include\MyGUI_Singleton.h(48): note: 编译类 模板 成员函数“MyGUI::Singleton<MyGUI::ResourceManager>::~Singleton(void)”时
         c:\users\administrator\desktop\robot - 副本\elf\include\myguiengine\include\MyGUI_ResourceManager.h(37): note: 参见对正在编译的类 模板 实例化“MyGUI::Singleton<MyGUI::ResourceManager>”的引用
         DimensionWorld.cpp
     1>Elf\DimensionWorld.cpp(357): warning C4302: “reinterpret_cast”: 从“DimensionWorld *”到“LONG”截断
         fantastic.cpp
         FantasyMagic.cpp
         PurpleDreamElf.cpp
         test.cpp
         正在生成代码...
       Link:
         D:\vs2015\VC\bin\x86_amd64\link.exe /ERRORREPORT:PROMPT /OUT:"C:\Users\Administrator\Desktop\Robot - 副本\x64\Release\Robot.exe" /INCREMENTAL:NO /NOLOGO freeglut.lib FreeImage.lib kernel32.lib user32.lib gdi32.lib winspool.lib comdlg32.lib advapi32.lib shell32.lib ole32.lib oleaut32.lib uuid.lib odbc32.lib odbccp32.lib kernel32.lib user32.lib gdi32.lib winspool.lib comdlg32.lib advapi32.lib shell32.lib ole32.lib oleaut32.lib uuid.lib odbc32.lib odbccp32.lib /MANIFEST /MANIFESTUAC:"level='asInvoker' uiAccess='false'" /manifest:embed /Debug /PDB:"C:\Users\Administrator\Desktop\Robot - 副本\x64\Release\Robot.pdb" /SUBSYSTEM:WINDOWS /OPT:REF /OPT:ICF /TLBID:1 /DYNAMICBASE /NXCOMPAT /IMPLIB:"C:\Users\Administrator\Desktop\Robot - 副本\x64\Release\Robot.lib" /MACHINE:X64 x64\Release\EditPanel.obj
         x64\Release\DimensionWorld.obj
         x64\Release\fantastic.obj
         x64\Release\FantasyMagic.obj
         x64\Release\PurpleDreamElf.obj
         x64\Release\test.obj
     1>EditPanel.obj : error LNK2019: 无法解析的外部符号 "__declspec(dllimport) public: __cdecl MyGUI::Exception::Exception(class std::basic_string<char,struct std::char_traits<char>,class std::allocator<char> > const &,class std::basic_string<char,struct std::char_traits<char>,class std::allocator<char> > const &,char const *,long)" (__imp_??0Exception@MyGUI@@QEAA@AEBV?$basic_string@DU?$char_traits@D@std@@V?$allocator@D@2@@std@@0PEBDJ@Z)，该符号在函数 "protected: void __cdecl wraps::BaseLayout::assignWidget<class MyGUI::Widget>(class MyGUI::Widget * &,class std::basic_string<char,struct std::char_traits<char>,class std::allocator<char> > const &,bool,bool)" (??$assignWidget@VWidget@MyGUI@@@BaseLayout@wraps@@IEAAXAEAPEAVWidget@MyGUI@@AEBV?$basic_string@DU?$char_traits@D@std@@V?$allocator@D@2@@std@@_N2@Z) 中被引用
     1>EditPanel.obj : error LNK2019: 无法解析的外部符号 "__declspec(dllimport) public: class std::basic_string<char,struct std::char_traits<char>,class std::allocator<char> > __cdecl MyGUI::LogStream::operator<<(struct MyGUI::LogStream::End const &)" (__imp_??6LogStream@MyGUI@@QEAA?AV?$basic_string@DU?$char_traits@D@std@@V?$allocator@D@2@@std@@AEBUEnd@01@@Z)，该符号在函数 "protected: void __cdecl wraps::BaseLayout::assignWidget<class MyGUI::Widget>(class MyGUI::Widget * &,class std::basic_string<char,struct std::char_traits<char>,class std::allocator<char> > const &,bool,bool)" (??$assignWidget@VWidget@MyGUI@@@BaseLayout@wraps@@IEAAXAEAPEAVWidget@MyGUI@@AEBV?$basic_string@DU?$char_traits@D@std@@V?$allocator@D@2@@std@@_N2@Z) 中被引用
     1>EditPanel.obj : error LNK2019: 无法解析的外部符号 "__declspec(dllimport) public: __cdecl MyGUI::LogStream::LogStream(void)" (__imp_??0LogStream@MyGUI@@QEAA@XZ)，该符号在函数 "protected: void __cdecl wraps::BaseLayout::assignWidget<class MyGUI::Widget>(class MyGUI::Widget * &,class std::basic_string<char,struct std::char_traits<char>,class std::allocator<char> > const &,bool,bool)" (??$assignWidget@VWidget@MyGUI@@@BaseLayout@wraps@@IEAAXAEAPEAVWidget@MyGUI@@AEBV?$basic_string@DU?$char_traits@D@std@@V?$allocator@D@2@@std@@_N2@Z) 中被引用
     1>EditPanel.obj : error LNK2019: 无法解析的外部符号 "__declspec(dllimport) public: __cdecl MyGUI::LogStream::~LogStream(void)" (__imp_??1LogStream@MyGUI@@QEAA@XZ)，该符号在函数 "protected: void __cdecl wraps::BaseLayout::assignWidget<class MyGUI::Widget>(class MyGUI::Widget * &,class std::basic_string<char,struct std::char_traits<char>,class std::allocator<char> > const &,bool,bool)" (??$assignWidget@VWidget@MyGUI@@@BaseLayout@wraps@@IEAAXAEAPEAVWidget@MyGUI@@AEBV?$basic_string@DU?$char_traits@D@std@@V?$allocator@D@2@@std@@_N2@Z) 中被引用
     1>EditPanel.obj : error LNK2019: 无法解析的外部符号 "__declspec(dllimport) public: __cdecl MyGUI::LogLevel::LogLevel(enum MyGUI::LogLevel::Enum)" (__imp_??0LogLevel@MyGUI@@QEAA@W4Enum@01@@Z)，该符号在函数 "protected: void __cdecl wraps::BaseLayout::assignWidget<class MyGUI::Widget>(class MyGUI::Widget * &,class std::basic_string<char,struct std::char_traits<char>,class std::allocator<char> > const &,bool,bool)" (??$assignWidget@VWidget@MyGUI@@@BaseLayout@wraps@@IEAAXAEAPEAVWidget@MyGUI@@AEBV?$basic_string@DU?$char_traits@D@std@@V?$allocator@D@2@@std@@_N2@Z) 中被引用
     1>EditPanel.obj : error LNK2019: 无法解析的外部符号 "__declspec(dllimport) public: static class MyGUI::LogManager & __cdecl MyGUI::LogManager::getInstance(void)" (__imp_?getInstance@LogManager@MyGUI@@SAAEAV12@XZ)，该符号在函数 "protected: void __cdecl wraps::BaseLayout::assignWidget<class MyGUI::Widget>(class MyGUI::Widget * &,class std::basic_string<char,struct std::char_traits<char>,class std::allocator<char> > const &,bool,bool)" (??$assignWidget@VWidget@MyGUI@@@BaseLayout@wraps@@IEAAXAEAPEAVWidget@MyGUI@@AEBV?$basic_string@DU?$char_traits@D@std@@V?$allocator@D@2@@std@@_N2@Z) 中被引用
     1>EditPanel.obj : error LNK2019: 无法解析的外部符号 "__declspec(dllimport) public: void __cdecl MyGUI::LogManager::log(class std::basic_string<char,struct std::char_traits<char>,class std::allocator<char> > const &,struct MyGUI::LogLevel,class std::basic_string<char,struct std::char_traits<char>,class std::allocator<char> > const &,char const *,int)" (__imp_?log@LogManager@MyGUI@@QEAAXAEBV?$basic_string@DU?$char_traits@D@std@@V?$allocator@D@2@@std@@ULogLevel@2@0PEBDH@Z)，该符号在函数 "protected: void __cdecl wraps::BaseLayout::assignWidget<class MyGUI::Widget>(class MyGUI::Widget * &,class std::basic_string<char,struct std::char_traits<char>,class std::allocator<char> > const &,bool,bool)" (??$assignWidget@VWidget@MyGUI@@@BaseLayout@wraps@@IEAAXAEAPEAVWidget@MyGUI@@AEBV?$basic_string@DU?$char_traits@D@std@@V?$allocator@D@2@@std@@_N2@Z) 中被引用
     1>EditPanel.obj : error LNK2019: 无法解析的外部符号 "__declspec(dllimport) public: static struct MyGUI::Align __cdecl MyGUI::Align::parse(class std::basic_string<char,struct std::char_traits<char>,class std::allocator<char> > const &)" (__imp_?parse@Align@MyGUI@@SA?AU12@AEBV?$basic_string@DU?$char_traits@D@std@@V?$allocator@D@2@@std@@@Z)，该符号在函数 "private: void __cdecl wraps::BaseLayout::snapToParent(class MyGUI::Widget *)" (?snapToParent@BaseLayout@wraps@@AEAAXPEAVWidget@MyGUI@@@Z) 中被引用
     1>EditPanel.obj : error LNK2019: 无法解析的外部符号 "__declspec(dllimport) public: class std::basic_string<char,struct std::char_traits<char>,class std::allocator<char> > const & __cdecl MyGUI::UserData::getUserString(class std::basic_string<char,struct std::char_traits<char>,class std::allocator<char> > const &)const " (__imp_?getUserString@UserData@MyGUI@@QEBAAEBV?$basic_string@DU?$char_traits@D@std@@V?$allocator@D@2@@std@@AEBV34@@Z)，该符号在函数 "private: void __cdecl wraps::BaseLayout::snapToParent(class MyGUI::Widget *)" (?snapToParent@BaseLayout@wraps@@AEAAXPEAVWidget@MyGUI@@@Z) 中被引用
     1>EditPanel.obj : error LNK2019: 无法解析的外部符号 "__declspec(dllimport) public: bool __cdecl MyGUI::UserData::isUserString(class std::basic_string<char,struct std::char_traits<char>,class std::allocator<char> > const &)const " (__imp_?isUserString@UserData@MyGUI@@QEBA_NAEBV?$basic_string@DU?$char_traits@D@std@@V?$allocator@D@2@@std@@@Z)，该符号在函数 "private: void __cdecl wraps::BaseLayout::snapToParent(class MyGUI::Widget *)" (?snapToParent@BaseLayout@wraps@@AEAAXPEAVWidget@MyGUI@@@Z) 中被引用
     1>EditPanel.obj : error LNK2019: 无法解析的外部符号 "__declspec(dllimport) public: static class std::basic_string<char,struct std::char_traits<char>,class std::allocator<char> > const & __cdecl MyGUI::Widget::getClassTypeName(void)" (__imp_?getClassTypeName@Widget@MyGUI@@SAAEBV?$basic_string@DU?$char_traits@D@std@@V?$allocator@D@2@@std@@XZ)，该符号在函数 "private: class MyGUI::Widget * __cdecl wraps::BaseLayout::_createFakeWidget<class MyGUI::Widget>(class MyGUI::Widget *)" (??$_createFakeWidget@VWidget@MyGUI@@@BaseLayout@wraps@@AEAAPEAVWidget@MyGUI@@PEAV23@@Z) 中被引用
     1>EditPanel.obj : error LNK2019: 无法解析的外部符号 "__declspec(dllimport) public: class MyGUI::Widget * __cdecl MyGUI::Widget::createWidgetT(class std::basic_string<char,struct std::char_traits<char>,class std::allocator<char> > const &,class std::basic_string<char,struct std::char_traits<char>,class std::allocator<char> > const &,struct MyGUI::types::TCoord<int> const &,struct MyGUI::Align,class std::basic_string<char,struct std::char_traits<char>,class std::allocator<char> > const &)" (__imp_?createWidgetT@Widget@MyGUI@@QEAAPEAV12@AEBV?$basic_string@DU?$char_traits@D@std@@V?$allocator@D@2@@std@@0AEBU?$TCoord@H@types@2@UAlign@2@0@Z)，该符号在函数 "private: class MyGUI::Widget * __cdecl wraps::BaseLayout::_createFakeWidgetT(class std::basic_string<char,struct std::char_traits<char>,class std::allocator<char> > const &,class MyGUI::Widget *)" (?_createFakeWidgetT@BaseLayout@wraps@@AEAAPEAVWidget@MyGUI@@AEBV?$basic_string@DU?$char_traits@D@std@@V?$allocator@D@2@@std@@PEAV34@@Z) 中被引用
     1>EditPanel.obj : error LNK2019: 无法解析的外部符号 "__declspec(dllimport) public: class std::basic_string<char,struct std::char_traits<char>,class std::allocator<char> > const & __cdecl MyGUI::Widget::getName(void)const " (__imp_?getName@Widget@MyGUI@@QEBAAEBV?$basic_string@DU?$char_traits@D@std@@V?$allocator@D@2@@std@@XZ)，该符号在函数 "protected: void __cdecl wraps::BaseLayout::initialise(class std::basic_string<char,struct std::char_traits<char>,class std::allocator<char> > const &,class MyGUI::Widget *,bool,bool)" (?initialise@BaseLayout@wraps@@IEAAXAEBV?$basic_string@DU?$char_traits@D@std@@V?$allocator@D@2@@std@@PEAVWidget@MyGUI@@_N2@Z) 中被引用
     1>EditPanel.obj : error LNK2019: 无法解析的外部符号 "__declspec(dllimport) public: struct MyGUI::types::TSize<int> __cdecl MyGUI::Widget::getParentSize(void)const " (__imp_?getParentSize@Widget@MyGUI@@QEBA?AU?$TSize@H@types@2@XZ)，该符号在函数 "private: void __cdecl wraps::BaseLayout::snapToParent(class MyGUI::Widget *)" (?snapToParent@BaseLayout@wraps@@AEAAXPEAVWidget@MyGUI@@@Z) 中被引用
     1>EditPanel.obj : error LNK2019: 无法解析的外部符号 "__declspec(dllimport) public: class MyGUI::Widget * __cdecl MyGUI::Widget::findWidget(class std::basic_string<char,struct std::char_traits<char>,class std::allocator<char> > const &)" (__imp_?findWidget@Widget@MyGUI@@QEAAPEAV12@AEBV?$basic_string@DU?$char_traits@D@std@@V?$allocator@D@2@@std@@@Z)，该符号在函数 "protected: void __cdecl wraps::BaseLayout::assignWidget<class MyGUI::Widget>(class MyGUI::Widget * &,class std::basic_string<char,struct std::char_traits<char>,class std::allocator<char> > const &,bool,bool)" (??$assignWidget@VWidget@MyGUI@@@BaseLayout@wraps@@IEAAXAEAPEAVWidget@MyGUI@@AEBV?$basic_string@DU?$char_traits@D@std@@V?$allocator@D@2@@std@@_N2@Z) 中被引用
     1>EditPanel.obj : error LNK2019: 无法解析的外部符号 "__declspec(dllimport) public: static class MyGUI::Gui & __cdecl MyGUI::Singleton<class MyGUI::Gui>::getInstance(void)" (__imp_?getInstance@?$Singleton@VGui@MyGUI@@@MyGUI@@SAAEAVGui@2@XZ)，该符号在函数 "private: class MyGUI::Widget * __cdecl wraps::BaseLayout::_createFakeWidgetT(class std::basic_string<char,struct std::char_traits<char>,class std::allocator<char> > const &,class MyGUI::Widget *)" (?_createFakeWidgetT@BaseLayout@wraps@@AEAAPEAVWidget@MyGUI@@AEBV?$basic_string@DU?$char_traits@D@std@@V?$allocator@D@2@@std@@PEAV34@@Z) 中被引用
     1>EditPanel.obj : error LNK2019: 无法解析的外部符号 "__declspec(dllimport) public: class MyGUI::Widget * __cdecl MyGUI::Gui::createWidgetT(class std::basic_string<char,struct std::char_traits<char>,class std::allocator<char> > const &,class std::basic_string<char,struct std::char_traits<char>,class std::allocator<char> > const &,struct MyGUI::types::TCoord<int> const &,struct MyGUI::Align,class std::basic_string<char,struct std::char_traits<char>,class std::allocator<char> > const &,class std::basic_string<char,struct std::char_traits<char>,class std::allocator<char> > const &)" (__imp_?createWidgetT@Gui@MyGUI@@QEAAPEAVWidget@2@AEBV?$basic_string@DU?$char_traits@D@std@@V?$allocator@D@2@@std@@0AEBU?$TCoord@H@types@2@UAlign@2@00@Z)，该符号在函数 "private: class MyGUI::Widget * __cdecl wraps::BaseLayout::_createFakeWidgetT(class std::basic_string<char,struct std::char_traits<char>,class std::allocator<char> > const &,class MyGUI::Widget *)" (?_createFakeWidgetT@BaseLayout@wraps@@AEAAPEAVWidget@MyGUI@@AEBV?$basic_string@DU?$char_traits@D@std@@V?$allocator@D@2@@std@@PEAV34@@Z) 中被引用
     1>EditPanel.obj : error LNK2019: 无法解析的外部符号 "__declspec(dllimport) public: static class std::basic_string<char,struct std::char_traits<char>,class std::allocator<char> > const & __cdecl MyGUI::EditBox::getClassTypeName(void)" (__imp_?getClassTypeName@EditBox@MyGUI@@SAAEBV?$basic_string@DU?$char_traits@D@std@@V?$allocator@D@2@@std@@XZ)，该符号在函数 "public: virtual class std::basic_string<char,struct std::char_traits<char>,class std::allocator<char> > const & __cdecl attribute::FieldHolder<class demo::EditPanel,class MyGUI::EditBox,struct attribute::FieldSetterWidget>::getFieldTypeName(void)" (?getFieldTypeName@?$FieldHolder@VEditPanel@demo@@VEditBox@MyGUI@@UFieldSetterWidget@attribute@@@attribute@@UEAAAEBV?$basic_string@DU?$char_traits@D@std@@V?$allocator@D@2@@std@@XZ) 中被引用
     1>EditPanel.obj : error LNK2019: 无法解析的外部符号 "__declspec(dllimport) public: void __cdecl MyGUI::EditBox::setTextSelectionColour(struct MyGUI::Colour const &)" (__imp_?setTextSelectionColour@EditBox@MyGUI@@QEAAXAEBUColour@2@@Z)，该符号在函数 "public: void __cdecl demo::EditPanel::setColourSelected(struct MyGUI::Colour const &)" (?setColourSelected@EditPanel@demo@@QEAAXAEBUColour@MyGUI@@@Z) 中被引用
     1>EditPanel.obj : error LNK2019: 无法解析的外部符号 "__declspec(dllimport) public: static class MyGUI::SkinManager & __cdecl MyGUI::Singleton<class MyGUI::SkinManager>::getInstance(void)" (__imp_?getInstance@?$Singleton@VSkinManager@MyGUI@@@MyGUI@@SAAEAVSkinManager@2@XZ)，该符号在函数 "private: class MyGUI::Widget * __cdecl wraps::BaseLayout::_createFakeWidgetT(class std::basic_string<char,struct std::char_traits<char>,class std::allocator<char> > const &,class MyGUI::Widget *)" (?_createFakeWidgetT@BaseLayout@wraps@@AEAAPEAVWidget@MyGUI@@AEBV?$basic_string@DU?$char_traits@D@std@@V?$allocator@D@2@@std@@PEAV34@@Z) 中被引用
     1>EditPanel.obj : error LNK2019: 无法解析的外部符号 "__declspec(dllimport) public: class std::basic_string<char,struct std::char_traits<char>,class std::allocator<char> > const __cdecl MyGUI::SkinManager::getDefaultSkin(void)const " (__imp_?getDefaultSkin@SkinManager@MyGUI@@QEBA?BV?$basic_string@DU?$char_traits@D@std@@V?$allocator@D@2@@std@@XZ)，该符号在函数 "private: class MyGUI::Widget * __cdecl wraps::BaseLayout::_createFakeWidgetT(class std::basic_string<char,struct std::char_traits<char>,class std::allocator<char> > const &,class MyGUI::Widget *)" (?_createFakeWidgetT@BaseLayout@wraps@@AEAAPEAVWidget@MyGUI@@AEBV?$basic_string@DU?$char_traits@D@std@@V?$allocator@D@2@@std@@PEAV34@@Z) 中被引用
     1>EditPanel.obj : error LNK2019: 无法解析的外部符号 "__declspec(dllimport) public: static class MyGUI::LayoutManager & __cdecl MyGUI::Singleton<class MyGUI::LayoutManager>::getInstance(void)" (__imp_?getInstance@?$Singleton@VLayoutManager@MyGUI@@@MyGUI@@SAAEAVLayoutManager@2@XZ)，该符号在函数 "protected: void __cdecl wraps::BaseLayout::initialise(class std::basic_string<char,struct std::char_traits<char>,class std::allocator<char> > const &,class MyGUI::Widget *,bool,bool)" (?initialise@BaseLayout@wraps@@IEAAXAEBV?$basic_string@DU?$char_traits@D@std@@V?$allocator@D@2@@std@@PEAVWidget@MyGUI@@_N2@Z) 中被引用
     1>EditPanel.obj : error LNK2019: 无法解析的外部符号 "__declspec(dllimport) public: class std::vector<class MyGUI::Widget *,class std::allocator<class MyGUI::Widget *> > __cdecl MyGUI::LayoutManager::loadLayout(class std::basic_string<char,struct std::char_traits<char>,class std::allocator<char> > const &,class std::basic_string<char,struct std::char_traits<char>,class std::allocator<char> > const &,class MyGUI::Widget *)" (__imp_?loadLayout@LayoutManager@MyGUI@@QEAA?AV?$vector@PEAVWidget@MyGUI@@V?$allocator@PEAVWidget@MyGUI@@@std@@@std@@AEBV?$basic_string@DU?$char_traits@D@std@@V?$allocator@D@2@@4@0PEAVWidget@2@@Z)，该符号在函数 "protected: void __cdecl wraps::BaseLayout::initialise(class std::basic_string<char,struct std::char_traits<char>,class std::allocator<char> > const &,class MyGUI::Widget *,bool,bool)" (?initialise@BaseLayout@wraps@@IEAAXAEBV?$basic_string@DU?$char_traits@D@std@@V?$allocator@D@2@@std@@PEAVWidget@MyGUI@@_N2@Z) 中被引用
     1>EditPanel.obj : error LNK2019: 无法解析的外部符号 "__declspec(dllimport) public: void __cdecl MyGUI::LayoutManager::unloadLayout(class std::vector<class MyGUI::Widget *,class std::allocator<class MyGUI::Widget *> > &)" (__imp_?unloadLayout@LayoutManager@MyGUI@@QEAAXAEAV?$vector@PEAVWidget@MyGUI@@V?$allocator@PEAVWidget@MyGUI@@@std@@@std@@@Z)，该符号在函数 "protected: void __cdecl wraps::BaseLayout::shutdown(void)" (?shutdown@BaseLayout@wraps@@IEAAXXZ) 中被引用
     1>EditPanel.obj : error LNK2001: 无法解析的外部符号 "public: __cdecl MyGUI::Exception::Exception(class MyGUI::Exception const &)" (??0Exception@MyGUI@@QEAA@AEBV01@@Z)
     1>EditPanel.obj : error LNK2001: 无法解析的外部符号 "public: virtual __cdecl MyGUI::Exception::~Exception(void)" (??1Exception@MyGUI@@UEAA@XZ)
     1>FantasyMagic.obj : error LNK2001: 无法解析的外部符号 __imp___glewBindBuffer
     1>FantasyMagic.obj : error LNK2001: 无法解析的外部符号 __imp___glewBufferData
     1>FantasyMagic.obj : error LNK2001: 无法解析的外部符号 __imp___glewGenBuffers
     1>FantasyMagic.obj : error LNK2001: 无法解析的外部符号 __imp___glewActiveTextureARB
     1>FantasyMagic.obj : error LNK2001: 无法解析的外部符号 __imp___glewMultiTexCoord2fARB
     1>FantasyMagic.obj : error LNK2001: 无法解析的外部符号 __imp___glewBindVertexArray
     1>FantasyMagic.obj : error LNK2001: 无法解析的外部符号 __imp___glewGenVertexArrays
     1>test.obj : error LNK2019: 无法解析的外部符号 __imp_glewInit，该符号在函数 "public: virtual bool __cdecl My::Init(void)" (?Init@My@@UEAA_NXZ) 中被引用
     1>C:\Users\Administrator\Desktop\Robot - 副本\x64\Release\Robot.exe : fatal error LNK1120: 34 个无法解析的外部命令
     1>已完成生成项目“C:\Users\Administrator\Desktop\Robot - 副本\Robot.vcxproj”(Build 个目标)的操作 - 失败。

生成失败。

已用时间 00:00:15.86
